<?xml version="1.0" encoding="UTF-8"?>
<!-- Generated by org.testng.reporters.JUnitXMLReporter -->
<testsuite hostname="DESKTOP-81ARGGN" ignored="0" name="Command line test" tests="4" failures="0" timestamp="2021-12-13T14:00:03 IST" time="0.094" errors="0">
  <testcase name="invalidCredentialTest" time="0.005" classname="com.vfislk.test.LoginTest"/>
  <testcase name="validCredentialTest" time="0.001" classname="com.vfislk.test.LoginTest"/>
  <testcase name="validCredentialTest" time="0.001" classname="com.vfislk.test.LoginTest"/>
  <testcase name="validCredentialTest" time="0.0" classname="com.vfislk.test.LoginTest"/>
</testsuite> <!-- Command line test -->
