<?xml version="1.0" encoding="UTF-8"?>
<!-- Generated by org.testng.reporters.JUnitXMLReporter -->
<testsuite hostname="DESKTOP-81ARGGN" ignored="2" name="Default test" tests="1" failures="0" timestamp="2021-12-17T12:00:05 IST" time="13.628" errors="0">
  <testcase name="invalidCredentialTest" time="1.638" classname="com.vfislk.test.LoginTest"/>
  <testcase name="checkLanguageTest" time="0.0" classname="com.vfislk.test.LoginTest">
    <ignored/>
  </testcase> <!-- checkLanguageTest -->
  <testcase name="validCredentialTest" time="0.0" classname="com.vfislk.test.LoginTest">
    <ignored/>
  </testcase> <!-- validCredentialTest -->
</testsuite> <!-- Default test -->
