<?xml version="1.0" encoding="UTF-8"?>
<testng-results skipped="0" failed="0" ignored="0" total="4" passed="4">
  <reporter-output>
  </reporter-output>
  <suite name="com.vfislk.test.LoginTest" duration-ms="94" started-at="2021-12-13T14:00:03 IST" finished-at="2021-12-13T14:00:03 IST">
    <groups>
    </groups>
    <test name="Command line test" duration-ms="94" started-at="2021-12-13T14:00:03 IST" finished-at="2021-12-13T14:00:03 IST">
      <class name="com.vfislk.test.LoginTest">
        <test-method status="PASS" signature="invalidCredentialTest()[pri:0, instance:com.vfislk.test.LoginTest@685cb137]" name="invalidCredentialTest" duration-ms="5" started-at="2021-12-13T14:00:03 IST" finished-at="2021-12-13T14:00:03 IST">
          <reporter-output>
          </reporter-output>
        </test-method> <!-- invalidCredentialTest -->
        <test-method status="PASS" signature="validCredentialTest()[pri:0, instance:com.vfislk.test.LoginTest@685cb137]" name="validCredentialTest" duration-ms="1" started-at="2021-12-13T14:00:03 IST" finished-at="2021-12-13T14:00:03 IST">
          <reporter-output>
          </reporter-output>
        </test-method> <!-- validCredentialTest -->
        <test-method status="PASS" signature="validCredentialTest()[pri:0, instance:com.vfislk.test.LoginTest@685cb137]" name="validCredentialTest" duration-ms="1" started-at="2021-12-13T14:00:03 IST" finished-at="2021-12-13T14:00:03 IST">
          <reporter-output>
          </reporter-output>
        </test-method> <!-- validCredentialTest -->
        <test-method status="PASS" signature="validCredentialTest()[pri:0, instance:com.vfislk.test.LoginTest@685cb137]" name="validCredentialTest" duration-ms="0" started-at="2021-12-13T14:00:03 IST" finished-at="2021-12-13T14:00:03 IST">
          <reporter-output>
          </reporter-output>
        </test-method> <!-- validCredentialTest -->
      </class> <!-- com.vfislk.test.LoginTest -->
    </test> <!-- Command line test -->
  </suite> <!-- com.vfislk.test.LoginTest -->
</testng-results>
