<?xml version="1.0" encoding="UTF-8"?>
<testng-results skipped="0" failed="0" ignored="0" total="1" passed="1">
  <reporter-output>
  </reporter-output>
  <suite name="OpenEMR Suite" duration-ms="56" started-at="2021-12-17T13:35:38 IST" finished-at="2021-12-17T13:35:38 IST">
    <groups>
    </groups>
    <test name="Login Test" duration-ms="56" started-at="2021-12-17T13:35:38 IST" finished-at="2021-12-17T13:35:38 IST">
      <class name="com.vfislk.test.DemoTest">
        <test-method status="PASS" signature="demoTest()[pri:0, instance:com.vfislk.test.DemoTest@27a5f880]" name="demoTest" duration-ms="5" started-at="2021-12-17T13:35:38 IST" finished-at="2021-12-17T13:35:38 IST">
          <reporter-output>
          </reporter-output>
        </test-method> <!-- demoTest -->
      </class> <!-- com.vfislk.test.DemoTest -->
    </test> <!-- Login Test -->
  </suite> <!-- OpenEMR Suite -->
</testng-results>
