<?xml version="1.0" encoding="UTF-8"?>
<testng-results skipped="0" failed="0" ignored="2" total="3" passed="1">
  <reporter-output>
  </reporter-output>
  <suite name="Default suite" duration-ms="13628" started-at="2021-12-17T11:59:52 IST" finished-at="2021-12-17T12:00:05 IST">
    <groups>
      <group name="high">
        <method signature="LoginTest.invalidCredentialTest(java.lang.String,java.lang.String,java.lang.String,java.lang.String)[pri:0, instance:com.vfislk.test.LoginTest@782663d3]" name="invalidCredentialTest" class="com.vfislk.test.LoginTest"/>
      </group> <!-- high -->
      <group name="login">
        <method signature="LoginTest.invalidCredentialTest(java.lang.String,java.lang.String,java.lang.String,java.lang.String)[pri:0, instance:com.vfislk.test.LoginTest@782663d3]" name="invalidCredentialTest" class="com.vfislk.test.LoginTest"/>
      </group> <!-- login -->
    </groups>
    <test name="Default test" duration-ms="13628" started-at="2021-12-17T11:59:52 IST" finished-at="2021-12-17T12:00:05 IST">
      <class name="com.vfislk.test.LoginTest">
        <test-method status="PASS" signature="start()[pri:0, instance:com.vfislk.test.LoginTest@782663d3]" name="start" is-config="true" duration-ms="437" started-at="2021-12-17T11:59:51 IST" finished-at="2021-12-17T11:59:52 IST">
          <reporter-output>
          </reporter-output>
        </test-method> <!-- start -->
        <test-method status="PASS" signature="setUp(java.lang.String,java.lang.reflect.Method)[pri:0, instance:com.vfislk.test.LoginTest@782663d3]" name="setUp" is-config="true" duration-ms="9385" started-at="2021-12-17T11:59:53 IST" finished-at="2021-12-17T12:00:02 IST">
          <params>
            <param index="0">
              <value>
                <![CDATA[ch]]>
              </value>
            </param>
            <param index="1">
              <value>
                <![CDATA[public void com.vfislk.test.LoginTest.invalidCredentialTest(java.lang.String,java.lang.String,java.lang.String,java.lang.String)]]>
              </value>
            </param>
          </params>
          <reporter-output>
          </reporter-output>
        </test-method> <!-- setUp -->
        <test-method status="PASS" signature="invalidCredentialTest(java.lang.String,java.lang.String,java.lang.String,java.lang.String)[pri:0, instance:com.vfislk.test.LoginTest@782663d3]" name="invalidCredentialTest" duration-ms="1638" started-at="2021-12-17T12:00:02 IST" data-provider="commonDataProvider" finished-at="2021-12-17T12:00:04 IST">
          <params>
            <param index="0">
              <value>
                <![CDATA[admin12]]>
              </value>
            </param>
            <param index="1">
              <value>
                <![CDATA[pass]]>
              </value>
            </param>
            <param index="2">
              <value>
                <![CDATA[English (Indian)]]>
              </value>
            </param>
            <param index="3">
              <value>
                <![CDATA[Invalid username or password]]>
              </value>
            </param>
          </params>
          <reporter-output>
          </reporter-output>
        </test-method> <!-- invalidCredentialTest -->
        <test-method status="PASS" signature="tearDown(org.testng.ITestResult)[pri:0, instance:com.vfislk.test.LoginTest@782663d3]" name="tearDown" is-config="true" duration-ms="1311" started-at="2021-12-17T12:00:04 IST" finished-at="2021-12-17T12:00:05 IST">
          <params>
            <param index="0">
              <value>
                <![CDATA[[TestResult name=invalidCredentialTest status=SUCCESS method=LoginTest.invalidCredentialTest(java.lang.String,java.lang.String,java.lang.String,java.lang.String)[pri:0, instance:com.vfislk.test.LoginTest@782663d3] output={null}]]]>
              </value>
            </param>
          </params>
          <reporter-output>
          </reporter-output>
        </test-method> <!-- tearDown -->
        <test-method status="PASS" signature="end()[pri:0, instance:com.vfislk.test.LoginTest@782663d3]" name="end" is-config="true" duration-ms="468" started-at="2021-12-17T12:00:05 IST" finished-at="2021-12-17T12:00:06 IST">
          <reporter-output>
          </reporter-output>
        </test-method> <!-- end -->
      </class> <!-- com.vfislk.test.LoginTest -->
    </test> <!-- Default test -->
  </suite> <!-- Default suite -->
</testng-results>
