<?xml version="1.0" encoding="UTF-8"?>
<!-- Generated by org.testng.reporters.JUnitXMLReporter -->
<testsuite hostname="DESKTOP-81ARGGN" ignored="2" name="Login Test" tests="1" failures="0" timestamp="2021-12-17T11:38:18 IST" time="11.579" errors="0">
  <testcase name="invalidCredentialTest" time="1.471" classname="com.vfislk.test.LoginTest"/>
  <testcase name="checkLanguageTest" time="0.0" classname="com.vfislk.test.LoginTest">
    <ignored/>
  </testcase> <!-- checkLanguageTest -->
  <testcase name="validCredentialTest" time="0.0" classname="com.vfislk.test.LoginTest">
    <ignored/>
  </testcase> <!-- validCredentialTest -->
</testsuite> <!-- Login Test -->
