<?xml version="1.0" encoding="UTF-8"?>
<!-- Generated by org.testng.reporters.JUnitXMLReporter -->
<testsuite hostname="DESKTOP-81ARGGN" ignored="2" name="Login Test CH" tests="1" failures="0" timestamp="2021-12-17T11:01:26 IST" time="20.08" errors="0">
  <testcase name="invalidCredentialTest" time="2.499" classname="com.vfislk.test.LoginTest"/>
  <testcase name="checkLanguageTest" time="0.0" classname="com.vfislk.test.LoginTest">
    <ignored/>
  </testcase> <!-- checkLanguageTest -->
  <testcase name="validCredentialTest" time="0.0" classname="com.vfislk.test.LoginTest">
    <ignored/>
  </testcase> <!-- validCredentialTest -->
</testsuite> <!-- Login Test CH -->
